[05-27 23:22:17]: [INFO] Created column 'regdate' and set the current timestamp, 1685222537380, to all 0 rows
[05-27 23:22:17]: [INFO] SQLite Setup finished
[05-27 23:22:17]: [INFO] Hooked into LuckPerms!
[05-27 23:22:17]: [INFO] Hooked successfully into Essentials
[05-27 23:22:17]: [INFO] AuthMe 5.6.0-SNAPSHOT build n.2599 successfully enabled!
[05-27 23:22:18]: [INFO] Downloading GEO IP database, because the old database is older than 30 days or doesn't exist
[05-27 23:22:18]: [WARN] No MaxMind credentials found in the configuration file! GeoIp protections will be disabled.
[05-27 23:22:18]: [INFO] There is no newer GEO IP database uploaded to MaxMind. Using the old one for now.
[05-27 23:22:18]: [WARN] Could not download GeoLiteAPI database [FileNotFoundException]: plugins\AuthMe\GeoLite2-Country.mmdb (Nie można odnaleźć określonego pliku)
[05-27 23:22:18]: java.io.FileNotFoundException: plugins\AuthMe\GeoLite2-Country.mmdb (Nie można odnaleźć określonego pliku)
	at java.base/java.io.RandomAccessFile.open0(Native Method)
	at java.base/java.io.RandomAccessFile.open(RandomAccessFile.java:343)
	at java.base/java.io.RandomAccessFile.<init>(RandomAccessFile.java:258)
	at java.base/java.io.RandomAccessFile.<init>(RandomAccessFile.java:213)
	at fr.xephi.authme.libs.com.maxmind.db.BufferHolder.<init>(BufferHolder.java:20)
	at fr.xephi.authme.libs.com.maxmind.db.Reader.<init>(Reader.java:121)
	at fr.xephi.authme.service.GeoIpService.startReading(GeoIpService.java:173)
	at fr.xephi.authme.service.GeoIpService.updateDatabase(GeoIpService.java:144)
	at org.bukkit.craftbukkit.v1_16_R3.scheduler.CraftTask.run(CraftTask.java:101)
	at org.bukkit.craftbukkit.v1_16_R3.scheduler.CraftAsyncTask.run(CraftAsyncTask.java:54)
	at com.destroystokyo.paper.ServerSchedulerReportingWrapper.run(ServerSchedulerReportingWrapper.java:22)
	at java.base/java.util.concurrent.ThreadPoolExecutor.runWorker(ThreadPoolExecutor.java:1130)
	at java.base/java.util.concurrent.ThreadPoolExecutor$Worker.run(ThreadPoolExecutor.java:630)
	at java.base/java.lang.Thread.run(Thread.java:831)

[05-27 23:27:10]: [INFO] AuthMe 5.6.0-SNAPSHOT-b2599 disabled!
[05-27 23:27:46]: [INFO] SQLite Setup finished
[05-27 23:27:46]: [INFO] Hooked into LuckPerms!
[05-27 23:27:46]: [INFO] Hooked successfully into Essentials
[05-27 23:27:46]: [INFO] AuthMe 5.6.0-SNAPSHOT build n.2599 successfully enabled!
[05-27 23:27:47]: [INFO] Downloading GEO IP database, because the old database is older than 30 days or doesn't exist
[05-27 23:27:47]: [WARN] No MaxMind credentials found in the configuration file! GeoIp protections will be disabled.
[05-27 23:27:47]: [INFO] There is no newer GEO IP database uploaded to MaxMind. Using the old one for now.
[05-27 23:27:47]: [WARN] Could not download GeoLiteAPI database [FileNotFoundException]: plugins\AuthMe\GeoLite2-Country.mmdb (Nie można odnaleźć określonego pliku)
[05-27 23:27:47]: java.io.FileNotFoundException: plugins\AuthMe\GeoLite2-Country.mmdb (Nie można odnaleźć określonego pliku)
	at java.base/java.io.RandomAccessFile.open0(Native Method)
	at java.base/java.io.RandomAccessFile.open(RandomAccessFile.java:343)
	at java.base/java.io.RandomAccessFile.<init>(RandomAccessFile.java:258)
	at java.base/java.io.RandomAccessFile.<init>(RandomAccessFile.java:213)
	at fr.xephi.authme.libs.com.maxmind.db.BufferHolder.<init>(BufferHolder.java:20)
	at fr.xephi.authme.libs.com.maxmind.db.Reader.<init>(Reader.java:121)
	at fr.xephi.authme.service.GeoIpService.startReading(GeoIpService.java:173)
	at fr.xephi.authme.service.GeoIpService.updateDatabase(GeoIpService.java:144)
	at org.bukkit.craftbukkit.v1_16_R3.scheduler.CraftTask.run(CraftTask.java:101)
	at org.bukkit.craftbukkit.v1_16_R3.scheduler.CraftAsyncTask.run(CraftAsyncTask.java:54)
	at com.destroystokyo.paper.ServerSchedulerReportingWrapper.run(ServerSchedulerReportingWrapper.java:22)
	at java.base/java.util.concurrent.ThreadPoolExecutor.runWorker(ThreadPoolExecutor.java:1130)
	at java.base/java.util.concurrent.ThreadPoolExecutor$Worker.run(ThreadPoolExecutor.java:630)
	at java.base/java.lang.Thread.run(Thread.java:831)

[05-27 23:29:13]: [FINE] Cytrus3927 registered 127.0.0.1
[05-27 23:29:13]: [FINE] Cytrus3927 logged in 127.0.0.1
[05-27 23:36:33]: [INFO] AuthMe 5.6.0-SNAPSHOT-b2599 disabled!
[05-29 17:50:29]: [INFO] SQLite Setup finished
[05-29 17:50:29]: [INFO] Hooked into LuckPerms!
[05-29 17:50:29]: [INFO] Hooked successfully into Essentials
[05-29 17:50:29]: [INFO] AuthMe 5.6.0-SNAPSHOT build n.2599 successfully enabled!
[05-29 17:50:30]: [INFO] Downloading GEO IP database, because the old database is older than 30 days or doesn't exist
[05-29 17:50:30]: [WARN] No MaxMind credentials found in the configuration file! GeoIp protections will be disabled.
[05-29 17:50:30]: [INFO] There is no newer GEO IP database uploaded to MaxMind. Using the old one for now.
[05-29 17:50:30]: [WARN] Could not download GeoLiteAPI database [FileNotFoundException]: plugins\AuthMe\GeoLite2-Country.mmdb (Nie można odnaleźć określonego pliku)
[05-29 17:50:30]: java.io.FileNotFoundException: plugins\AuthMe\GeoLite2-Country.mmdb (Nie można odnaleźć określonego pliku)
	at java.base/java.io.RandomAccessFile.open0(Native Method)
	at java.base/java.io.RandomAccessFile.open(RandomAccessFile.java:343)
	at java.base/java.io.RandomAccessFile.<init>(RandomAccessFile.java:258)
	at java.base/java.io.RandomAccessFile.<init>(RandomAccessFile.java:213)
	at fr.xephi.authme.libs.com.maxmind.db.BufferHolder.<init>(BufferHolder.java:20)
	at fr.xephi.authme.libs.com.maxmind.db.Reader.<init>(Reader.java:121)
	at fr.xephi.authme.service.GeoIpService.startReading(GeoIpService.java:173)
	at fr.xephi.authme.service.GeoIpService.updateDatabase(GeoIpService.java:144)
	at org.bukkit.craftbukkit.v1_16_R3.scheduler.CraftTask.run(CraftTask.java:101)
	at org.bukkit.craftbukkit.v1_16_R3.scheduler.CraftAsyncTask.run(CraftAsyncTask.java:54)
	at com.destroystokyo.paper.ServerSchedulerReportingWrapper.run(ServerSchedulerReportingWrapper.java:22)
	at java.base/java.util.concurrent.ThreadPoolExecutor.runWorker(ThreadPoolExecutor.java:1130)
	at java.base/java.util.concurrent.ThreadPoolExecutor$Worker.run(ThreadPoolExecutor.java:630)
	at java.base/java.lang.Thread.run(Thread.java:831)

[05-29 17:52:31]: [INFO] AuthMe 5.6.0-SNAPSHOT-b2599 disabled!
[05-29 17:52:58]: [INFO] SQLite Setup finished
[05-29 17:52:58]: [INFO] Hooked into LuckPerms!
[05-29 17:52:58]: [INFO] Hooked successfully into Essentials
[05-29 17:52:58]: [INFO] AuthMe 5.6.0-SNAPSHOT build n.2599 successfully enabled!
[05-29 17:52:59]: [INFO] Downloading GEO IP database, because the old database is older than 30 days or doesn't exist
[05-29 17:52:59]: [WARN] No MaxMind credentials found in the configuration file! GeoIp protections will be disabled.
[05-29 17:52:59]: [INFO] There is no newer GEO IP database uploaded to MaxMind. Using the old one for now.
[05-29 17:52:59]: [WARN] Could not download GeoLiteAPI database [FileNotFoundException]: plugins\AuthMe\GeoLite2-Country.mmdb (Nie można odnaleźć określonego pliku)
[05-29 17:52:59]: java.io.FileNotFoundException: plugins\AuthMe\GeoLite2-Country.mmdb (Nie można odnaleźć określonego pliku)
	at java.base/java.io.RandomAccessFile.open0(Native Method)
	at java.base/java.io.RandomAccessFile.open(RandomAccessFile.java:343)
	at java.base/java.io.RandomAccessFile.<init>(RandomAccessFile.java:258)
	at java.base/java.io.RandomAccessFile.<init>(RandomAccessFile.java:213)
	at fr.xephi.authme.libs.com.maxmind.db.BufferHolder.<init>(BufferHolder.java:20)
	at fr.xephi.authme.libs.com.maxmind.db.Reader.<init>(Reader.java:121)
	at fr.xephi.authme.service.GeoIpService.startReading(GeoIpService.java:173)
	at fr.xephi.authme.service.GeoIpService.updateDatabase(GeoIpService.java:144)
	at org.bukkit.craftbukkit.v1_16_R3.scheduler.CraftTask.run(CraftTask.java:101)
	at org.bukkit.craftbukkit.v1_16_R3.scheduler.CraftAsyncTask.run(CraftAsyncTask.java:54)
	at com.destroystokyo.paper.ServerSchedulerReportingWrapper.run(ServerSchedulerReportingWrapper.java:22)
	at java.base/java.util.concurrent.ThreadPoolExecutor.runWorker(ThreadPoolExecutor.java:1130)
	at java.base/java.util.concurrent.ThreadPoolExecutor$Worker.run(ThreadPoolExecutor.java:630)
	at java.base/java.lang.Thread.run(Thread.java:831)

[05-29 17:56:17]: [FINE] Cytrus3927 logged in 127.0.0.1
[05-29 18:04:29]: [INFO] AuthMe 5.6.0-SNAPSHOT-b2599 disabled!
[05-29 18:30:00]: [INFO] SQLite Setup finished
[05-29 18:30:00]: [INFO] Hooked into LuckPerms!
[05-29 18:30:00]: [INFO] Hooked successfully into Essentials
[05-29 18:30:00]: [WARN] Note: Hooks.bungeecord is set to false but your server appears to be running in bungeecord mode (see your spigot.yml). In order to allow the datasource caching and the AuthMeBungee add-on to work properly you have to enable this option!
[05-29 18:30:00]: [INFO] AuthMe 5.6.0-SNAPSHOT build n.2599 successfully enabled!
[05-29 18:30:01]: [INFO] Downloading GEO IP database, because the old database is older than 30 days or doesn't exist
[05-29 18:30:01]: [WARN] No MaxMind credentials found in the configuration file! GeoIp protections will be disabled.
[05-29 18:30:01]: [INFO] There is no newer GEO IP database uploaded to MaxMind. Using the old one for now.
[05-29 18:30:01]: [WARN] Could not download GeoLiteAPI database [FileNotFoundException]: plugins\AuthMe\GeoLite2-Country.mmdb (Nie można odnaleźć określonego pliku)
[05-29 18:30:01]: java.io.FileNotFoundException: plugins\AuthMe\GeoLite2-Country.mmdb (Nie można odnaleźć określonego pliku)
	at java.base/java.io.RandomAccessFile.open0(Native Method)
	at java.base/java.io.RandomAccessFile.open(RandomAccessFile.java:343)
	at java.base/java.io.RandomAccessFile.<init>(RandomAccessFile.java:258)
	at java.base/java.io.RandomAccessFile.<init>(RandomAccessFile.java:213)
	at fr.xephi.authme.libs.com.maxmind.db.BufferHolder.<init>(BufferHolder.java:20)
	at fr.xephi.authme.libs.com.maxmind.db.Reader.<init>(Reader.java:121)
	at fr.xephi.authme.service.GeoIpService.startReading(GeoIpService.java:173)
	at fr.xephi.authme.service.GeoIpService.updateDatabase(GeoIpService.java:144)
	at org.bukkit.craftbukkit.v1_16_R3.scheduler.CraftTask.run(CraftTask.java:101)
	at org.bukkit.craftbukkit.v1_16_R3.scheduler.CraftAsyncTask.run(CraftAsyncTask.java:54)
	at com.destroystokyo.paper.ServerSchedulerReportingWrapper.run(ServerSchedulerReportingWrapper.java:22)
	at java.base/java.util.concurrent.ThreadPoolExecutor.runWorker(ThreadPoolExecutor.java:1130)
	at java.base/java.util.concurrent.ThreadPoolExecutor$Worker.run(ThreadPoolExecutor.java:630)
	at java.base/java.lang.Thread.run(Thread.java:831)

[05-29 18:30:37]: [INFO] AuthMe 5.6.0-SNAPSHOT-b2599 disabled!
[05-29 18:32:24]: [INFO] SQLite Setup finished
[05-29 18:32:24]: [INFO] Hooked into LuckPerms!
[05-29 18:32:24]: [INFO] Hooked successfully into Essentials
[05-29 18:32:24]: [WARN] Note: Hooks.bungeecord is set to false but your server appears to be running in bungeecord mode (see your spigot.yml). In order to allow the datasource caching and the AuthMeBungee add-on to work properly you have to enable this option!
[05-29 18:32:24]: [INFO] AuthMe 5.6.0-SNAPSHOT build n.2599 successfully enabled!
[05-29 18:32:24]: [INFO] Downloading GEO IP database, because the old database is older than 30 days or doesn't exist
[05-29 18:32:24]: [WARN] No MaxMind credentials found in the configuration file! GeoIp protections will be disabled.
[05-29 18:32:24]: [INFO] There is no newer GEO IP database uploaded to MaxMind. Using the old one for now.
[05-29 18:32:24]: [WARN] Could not download GeoLiteAPI database [FileNotFoundException]: plugins\AuthMe\GeoLite2-Country.mmdb (Nie można odnaleźć określonego pliku)
[05-29 18:32:24]: java.io.FileNotFoundException: plugins\AuthMe\GeoLite2-Country.mmdb (Nie można odnaleźć określonego pliku)
	at java.base/java.io.RandomAccessFile.open0(Native Method)
	at java.base/java.io.RandomAccessFile.open(RandomAccessFile.java:343)
	at java.base/java.io.RandomAccessFile.<init>(RandomAccessFile.java:258)
	at java.base/java.io.RandomAccessFile.<init>(RandomAccessFile.java:213)
	at fr.xephi.authme.libs.com.maxmind.db.BufferHolder.<init>(BufferHolder.java:20)
	at fr.xephi.authme.libs.com.maxmind.db.Reader.<init>(Reader.java:121)
	at fr.xephi.authme.service.GeoIpService.startReading(GeoIpService.java:173)
	at fr.xephi.authme.service.GeoIpService.updateDatabase(GeoIpService.java:144)
	at org.bukkit.craftbukkit.v1_16_R3.scheduler.CraftTask.run(CraftTask.java:101)
	at org.bukkit.craftbukkit.v1_16_R3.scheduler.CraftAsyncTask.run(CraftAsyncTask.java:54)
	at com.destroystokyo.paper.ServerSchedulerReportingWrapper.run(ServerSchedulerReportingWrapper.java:22)
	at java.base/java.util.concurrent.ThreadPoolExecutor.runWorker(ThreadPoolExecutor.java:1130)
	at java.base/java.util.concurrent.ThreadPoolExecutor$Worker.run(ThreadPoolExecutor.java:630)
	at java.base/java.lang.Thread.run(Thread.java:831)

[05-29 18:34:47]: [INFO] AuthMe 5.6.0-SNAPSHOT-b2599 disabled!
[05-29 18:35:59]: [INFO] SQLite Setup finished
[05-29 18:35:59]: [INFO] Hooked into LuckPerms!
[05-29 18:35:59]: [INFO] Hooked successfully into Essentials
[05-29 18:35:59]: [WARN] Note: Hooks.bungeecord is set to false but your server appears to be running in bungeecord mode (see your spigot.yml). In order to allow the datasource caching and the AuthMeBungee add-on to work properly you have to enable this option!
[05-29 18:35:59]: [INFO] AuthMe 5.6.0-SNAPSHOT build n.2599 successfully enabled!
[05-29 18:35:59]: [INFO] Downloading GEO IP database, because the old database is older than 30 days or doesn't exist
[05-29 18:35:59]: [WARN] No MaxMind credentials found in the configuration file! GeoIp protections will be disabled.
[05-29 18:35:59]: [INFO] There is no newer GEO IP database uploaded to MaxMind. Using the old one for now.
[05-29 18:35:59]: [WARN] Could not download GeoLiteAPI database [FileNotFoundException]: plugins\AuthMe\GeoLite2-Country.mmdb (Nie można odnaleźć określonego pliku)
[05-29 18:35:59]: java.io.FileNotFoundException: plugins\AuthMe\GeoLite2-Country.mmdb (Nie można odnaleźć określonego pliku)
	at java.base/java.io.RandomAccessFile.open0(Native Method)
	at java.base/java.io.RandomAccessFile.open(RandomAccessFile.java:343)
	at java.base/java.io.RandomAccessFile.<init>(RandomAccessFile.java:258)
	at java.base/java.io.RandomAccessFile.<init>(RandomAccessFile.java:213)
	at fr.xephi.authme.libs.com.maxmind.db.BufferHolder.<init>(BufferHolder.java:20)
	at fr.xephi.authme.libs.com.maxmind.db.Reader.<init>(Reader.java:121)
	at fr.xephi.authme.service.GeoIpService.startReading(GeoIpService.java:173)
	at fr.xephi.authme.service.GeoIpService.updateDatabase(GeoIpService.java:144)
	at org.bukkit.craftbukkit.v1_16_R3.scheduler.CraftTask.run(CraftTask.java:101)
	at org.bukkit.craftbukkit.v1_16_R3.scheduler.CraftAsyncTask.run(CraftAsyncTask.java:54)
	at com.destroystokyo.paper.ServerSchedulerReportingWrapper.run(ServerSchedulerReportingWrapper.java:22)
	at java.base/java.util.concurrent.ThreadPoolExecutor.runWorker(ThreadPoolExecutor.java:1130)
	at java.base/java.util.concurrent.ThreadPoolExecutor$Worker.run(ThreadPoolExecutor.java:630)
	at java.base/java.lang.Thread.run(Thread.java:831)

[05-29 18:37:24]: [FINE] Cytrus3927 logged in 127.0.0.1
[05-29 18:37:30]: [INFO] AuthMe 5.6.0-SNAPSHOT-b2599 disabled!
